CRITICAL - 2024-04-11 12:54:05 --> Error: Class "Illuminate\Database\Eloquent\Model" not found
[Method: GET, Route: api/discipline]
in APPPATH/Models/DisciplineJModel.php on line 7.
 1 SYSTEMPATH/Autoloader/Autoloader.php(317): include_once()
 2 SYSTEMPATH/Autoloader/Autoloader.php(296): CodeIgniter\Autoloader\Autoloader->includeFile()
 3 SYSTEMPATH/Autoloader/Autoloader.php(272): CodeIgniter\Autoloader\Autoloader->loadInNamespace()
 4 [internal function]: CodeIgniter\Autoloader\Autoloader->loadClass()
 5 SYSTEMPATH/RESTful/BaseResource.php(69): class_exists()
 6 SYSTEMPATH/RESTful/BaseResource.php(51): CodeIgniter\RESTful\BaseResource->setModel()
 7 SYSTEMPATH/CodeIgniter.php(904): CodeIgniter\RESTful\BaseResource->initController()
 8 SYSTEMPATH/CodeIgniter.php(500): CodeIgniter\CodeIgniter->createController()
 9 SYSTEMPATH/CodeIgniter.php(355): CodeIgniter\CodeIgniter->handleRequest()
10 SYSTEMPATH/Boot.php(312): CodeIgniter\CodeIgniter->run()
11 SYSTEMPATH/Boot.php(67): CodeIgniter\Boot::runCodeIgniter()
12 FCPATH/index.php(56): CodeIgniter\Boot::bootWeb()
13 SYSTEMPATH/Commands/Server/rewrite.php(49): require_once('/home/johan/Documents/Prepas/Interprom-2024/interprom-back/public/index.php')
CRITICAL - 2024-04-11 12:55:19 --> Error: Class "Illuminate\Database\Eloquent\Model" not found
[Method: GET, Route: api/discipline]
in APPPATH/Models/DisciplineJModel.php on line 7.
 1 SYSTEMPATH/Autoloader/Autoloader.php(317): include_once()
 2 SYSTEMPATH/Autoloader/Autoloader.php(296): CodeIgniter\Autoloader\Autoloader->includeFile()
 3 SYSTEMPATH/Autoloader/Autoloader.php(272): CodeIgniter\Autoloader\Autoloader->loadInNamespace()
 4 [internal function]: CodeIgniter\Autoloader\Autoloader->loadClass()
 5 SYSTEMPATH/RESTful/BaseResource.php(69): class_exists()
 6 SYSTEMPATH/RESTful/BaseResource.php(51): CodeIgniter\RESTful\BaseResource->setModel()
 7 SYSTEMPATH/CodeIgniter.php(904): CodeIgniter\RESTful\BaseResource->initController()
 8 SYSTEMPATH/CodeIgniter.php(500): CodeIgniter\CodeIgniter->createController()
 9 SYSTEMPATH/CodeIgniter.php(355): CodeIgniter\CodeIgniter->handleRequest()
10 SYSTEMPATH/Boot.php(312): CodeIgniter\CodeIgniter->run()
11 SYSTEMPATH/Boot.php(67): CodeIgniter\Boot::runCodeIgniter()
12 FCPATH/index.php(56): CodeIgniter\Boot::bootWeb()
13 SYSTEMPATH/Commands/Server/rewrite.php(49): require_once('/home/johan/Documents/Prepas/Interprom-2024/interprom-back/public/index.php')
CRITICAL - 2024-04-11 13:15:51 --> Error: Class "Illuminate\Database\Eloquent\Model" not found
[Method: GET, Route: api/discipline]
in APPPATH/Models/DisciplineJModel.php on line 7.
 1 SYSTEMPATH/Autoloader/Autoloader.php(317): include_once()
 2 SYSTEMPATH/Autoloader/Autoloader.php(296): CodeIgniter\Autoloader\Autoloader->includeFile()
 3 SYSTEMPATH/Autoloader/Autoloader.php(272): CodeIgniter\Autoloader\Autoloader->loadInNamespace()
 4 [internal function]: CodeIgniter\Autoloader\Autoloader->loadClass()
 5 SYSTEMPATH/RESTful/BaseResource.php(69): class_exists()
 6 SYSTEMPATH/RESTful/BaseResource.php(51): CodeIgniter\RESTful\BaseResource->setModel()
 7 SYSTEMPATH/CodeIgniter.php(904): CodeIgniter\RESTful\BaseResource->initController()
 8 SYSTEMPATH/CodeIgniter.php(500): CodeIgniter\CodeIgniter->createController()
 9 SYSTEMPATH/CodeIgniter.php(355): CodeIgniter\CodeIgniter->handleRequest()
10 SYSTEMPATH/Boot.php(312): CodeIgniter\CodeIgniter->run()
11 SYSTEMPATH/Boot.php(67): CodeIgniter\Boot::runCodeIgniter()
12 FCPATH/index.php(56): CodeIgniter\Boot::bootWeb()
13 SYSTEMPATH/Commands/Server/rewrite.php(49): require_once('/home/johan/Documents/Prepas/Interprom-2024/interprom-back/public/index.php')
CRITICAL - 2024-04-11 13:30:58 --> Error: Class "App\Models\PouleModel" not found
[Method: GET, Route: api/poule]
in APPPATH/Controllers/PouleJController.php on line 15.
 1 SYSTEMPATH/CodeIgniter.php(933): App\Controllers\PouleJController->index()
 2 SYSTEMPATH/CodeIgniter.php(509): CodeIgniter\CodeIgniter->runController()
 3 SYSTEMPATH/CodeIgniter.php(355): CodeIgniter\CodeIgniter->handleRequest()
 4 SYSTEMPATH/Boot.php(312): CodeIgniter\CodeIgniter->run()
 5 SYSTEMPATH/Boot.php(67): CodeIgniter\Boot::runCodeIgniter()
 6 FCPATH/index.php(56): CodeIgniter\Boot::bootWeb()
 7 SYSTEMPATH/Commands/Server/rewrite.php(49): require_once('/home/johan/Documents/Prepas/Interprom-2024/interprom-back/public/index.php')
CRITICAL - 2024-04-11 13:31:00 --> Error: Class "App\Models\PouleModel" not found
[Method: GET, Route: api/poule]
in APPPATH/Controllers/PouleJController.php on line 15.
 1 SYSTEMPATH/CodeIgniter.php(933): App\Controllers\PouleJController->index()
 2 SYSTEMPATH/CodeIgniter.php(509): CodeIgniter\CodeIgniter->runController()
 3 SYSTEMPATH/CodeIgniter.php(355): CodeIgniter\CodeIgniter->handleRequest()
 4 SYSTEMPATH/Boot.php(312): CodeIgniter\CodeIgniter->run()
 5 SYSTEMPATH/Boot.php(67): CodeIgniter\Boot::runCodeIgniter()
 6 FCPATH/index.php(56): CodeIgniter\Boot::bootWeb()
 7 SYSTEMPATH/Commands/Server/rewrite.php(49): require_once('/home/johan/Documents/Prepas/Interprom-2024/interprom-back/public/index.php')
CRITICAL - 2024-04-11 13:31:27 --> Error: Class "App\Models\PouleJModel" not found
[Method: GET, Route: api/poule]
in APPPATH/Controllers/PouleJController.php on line 15.
 1 SYSTEMPATH/CodeIgniter.php(933): App\Controllers\PouleJController->index()
 2 SYSTEMPATH/CodeIgniter.php(509): CodeIgniter\CodeIgniter->runController()
 3 SYSTEMPATH/CodeIgniter.php(355): CodeIgniter\CodeIgniter->handleRequest()
 4 SYSTEMPATH/Boot.php(312): CodeIgniter\CodeIgniter->run()
 5 SYSTEMPATH/Boot.php(67): CodeIgniter\Boot::runCodeIgniter()
 6 FCPATH/index.php(56): CodeIgniter\Boot::bootWeb()
 7 SYSTEMPATH/Commands/Server/rewrite.php(49): require_once('/home/johan/Documents/Prepas/Interprom-2024/interprom-back/public/index.php')
CRITICAL - 2024-04-11 13:33:24 --> ErrorException: Trait "App\Controllers\ResponseTrait" not found
[Method: GET, Route: api/discipline]
in APPPATH/Controllers/DisciplineJController.php on line 9.
 1 [internal function]: CodeIgniter\Debug\Exceptions->shutdownHandler()
CRITICAL - 2024-04-11 13:33:50 --> Error: Class "Illuminate\Database\Eloquent\Model" not found
[Method: GET, Route: api/discipline]
in APPPATH/Models/DisciplineJModel.php on line 7.
 1 SYSTEMPATH/Autoloader/Autoloader.php(317): include_once()
 2 SYSTEMPATH/Autoloader/Autoloader.php(296): CodeIgniter\Autoloader\Autoloader->includeFile()
 3 SYSTEMPATH/Autoloader/Autoloader.php(272): CodeIgniter\Autoloader\Autoloader->loadInNamespace()
 4 [internal function]: CodeIgniter\Autoloader\Autoloader->loadClass()
 5 SYSTEMPATH/RESTful/BaseResource.php(69): class_exists()
 6 SYSTEMPATH/RESTful/BaseResource.php(51): CodeIgniter\RESTful\BaseResource->setModel()
 7 SYSTEMPATH/CodeIgniter.php(904): CodeIgniter\RESTful\BaseResource->initController()
 8 SYSTEMPATH/CodeIgniter.php(500): CodeIgniter\CodeIgniter->createController()
 9 SYSTEMPATH/CodeIgniter.php(355): CodeIgniter\CodeIgniter->handleRequest()
10 SYSTEMPATH/Boot.php(312): CodeIgniter\CodeIgniter->run()
11 SYSTEMPATH/Boot.php(67): CodeIgniter\Boot::runCodeIgniter()
12 FCPATH/index.php(56): CodeIgniter\Boot::bootWeb()
13 SYSTEMPATH/Commands/Server/rewrite.php(49): require_once('/home/johan/Documents/Prepas/Interprom-2024/interprom-back/public/index.php')
CRITICAL - 2024-04-11 13:33:51 --> Error: Class "Illuminate\Database\Eloquent\Model" not found
[Method: GET, Route: api/discipline]
in APPPATH/Models/DisciplineJModel.php on line 7.
 1 SYSTEMPATH/Autoloader/Autoloader.php(317): include_once()
 2 SYSTEMPATH/Autoloader/Autoloader.php(296): CodeIgniter\Autoloader\Autoloader->includeFile()
 3 SYSTEMPATH/Autoloader/Autoloader.php(272): CodeIgniter\Autoloader\Autoloader->loadInNamespace()
 4 [internal function]: CodeIgniter\Autoloader\Autoloader->loadClass()
 5 SYSTEMPATH/RESTful/BaseResource.php(69): class_exists()
 6 SYSTEMPATH/RESTful/BaseResource.php(51): CodeIgniter\RESTful\BaseResource->setModel()
 7 SYSTEMPATH/CodeIgniter.php(904): CodeIgniter\RESTful\BaseResource->initController()
 8 SYSTEMPATH/CodeIgniter.php(500): CodeIgniter\CodeIgniter->createController()
 9 SYSTEMPATH/CodeIgniter.php(355): CodeIgniter\CodeIgniter->handleRequest()
10 SYSTEMPATH/Boot.php(312): CodeIgniter\CodeIgniter->run()
11 SYSTEMPATH/Boot.php(67): CodeIgniter\Boot::runCodeIgniter()
12 FCPATH/index.php(56): CodeIgniter\Boot::bootWeb()
13 SYSTEMPATH/Commands/Server/rewrite.php(49): require_once('/home/johan/Documents/Prepas/Interprom-2024/interprom-back/public/index.php')
CRITICAL - 2024-04-11 13:33:51 --> Error: Class "Illuminate\Database\Eloquent\Model" not found
[Method: GET, Route: api/discipline]
in APPPATH/Models/DisciplineJModel.php on line 7.
 1 SYSTEMPATH/Autoloader/Autoloader.php(317): include_once()
 2 SYSTEMPATH/Autoloader/Autoloader.php(296): CodeIgniter\Autoloader\Autoloader->includeFile()
 3 SYSTEMPATH/Autoloader/Autoloader.php(272): CodeIgniter\Autoloader\Autoloader->loadInNamespace()
 4 [internal function]: CodeIgniter\Autoloader\Autoloader->loadClass()
 5 SYSTEMPATH/RESTful/BaseResource.php(69): class_exists()
 6 SYSTEMPATH/RESTful/BaseResource.php(51): CodeIgniter\RESTful\BaseResource->setModel()
 7 SYSTEMPATH/CodeIgniter.php(904): CodeIgniter\RESTful\BaseResource->initController()
 8 SYSTEMPATH/CodeIgniter.php(500): CodeIgniter\CodeIgniter->createController()
 9 SYSTEMPATH/CodeIgniter.php(355): CodeIgniter\CodeIgniter->handleRequest()
10 SYSTEMPATH/Boot.php(312): CodeIgniter\CodeIgniter->run()
11 SYSTEMPATH/Boot.php(67): CodeIgniter\Boot::runCodeIgniter()
12 FCPATH/index.php(56): CodeIgniter\Boot::bootWeb()
13 SYSTEMPATH/Commands/Server/rewrite.php(49): require_once('/home/johan/Documents/Prepas/Interprom-2024/interprom-back/public/index.php')
CRITICAL - 2024-04-11 13:33:51 --> Error: Class "Illuminate\Database\Eloquent\Model" not found
[Method: GET, Route: api/discipline]
in APPPATH/Models/DisciplineJModel.php on line 7.
 1 SYSTEMPATH/Autoloader/Autoloader.php(317): include_once()
 2 SYSTEMPATH/Autoloader/Autoloader.php(296): CodeIgniter\Autoloader\Autoloader->includeFile()
 3 SYSTEMPATH/Autoloader/Autoloader.php(272): CodeIgniter\Autoloader\Autoloader->loadInNamespace()
 4 [internal function]: CodeIgniter\Autoloader\Autoloader->loadClass()
 5 SYSTEMPATH/RESTful/BaseResource.php(69): class_exists()
 6 SYSTEMPATH/RESTful/BaseResource.php(51): CodeIgniter\RESTful\BaseResource->setModel()
 7 SYSTEMPATH/CodeIgniter.php(904): CodeIgniter\RESTful\BaseResource->initController()
 8 SYSTEMPATH/CodeIgniter.php(500): CodeIgniter\CodeIgniter->createController()
 9 SYSTEMPATH/CodeIgniter.php(355): CodeIgniter\CodeIgniter->handleRequest()
10 SYSTEMPATH/Boot.php(312): CodeIgniter\CodeIgniter->run()
11 SYSTEMPATH/Boot.php(67): CodeIgniter\Boot::runCodeIgniter()
12 FCPATH/index.php(56): CodeIgniter\Boot::bootWeb()
13 SYSTEMPATH/Commands/Server/rewrite.php(49): require_once('/home/johan/Documents/Prepas/Interprom-2024/interprom-back/public/index.php')
CRITICAL - 2024-04-11 13:43:48 --> ErrorException: Undefined variable $query
[Method: GET, Route: api/poule]
in APPPATH/Controllers/PouleJController.php on line 18.
 1 APPPATH/Controllers/PouleJController.php(18): CodeIgniter\Debug\Exceptions->errorHandler()
 2 SYSTEMPATH/CodeIgniter.php(933): App\Controllers\PouleJController->index()
 3 SYSTEMPATH/CodeIgniter.php(509): CodeIgniter\CodeIgniter->runController()
 4 SYSTEMPATH/CodeIgniter.php(355): CodeIgniter\CodeIgniter->handleRequest()
 5 SYSTEMPATH/Boot.php(312): CodeIgniter\CodeIgniter->run()
 6 SYSTEMPATH/Boot.php(67): CodeIgniter\Boot::runCodeIgniter()
 7 FCPATH/index.php(56): CodeIgniter\Boot::bootWeb()
 8 SYSTEMPATH/Commands/Server/rewrite.php(49): require_once('/home/johan/Documents/Prepas/Interprom-2024/interprom-back/public/index.php')
CRITICAL - 2024-04-11 13:43:56 --> ErrorException: Undefined variable $query
[Method: GET, Route: api/poule]
in APPPATH/Controllers/PouleJController.php on line 18.
 1 APPPATH/Controllers/PouleJController.php(18): CodeIgniter\Debug\Exceptions->errorHandler()
 2 SYSTEMPATH/CodeIgniter.php(933): App\Controllers\PouleJController->index()
 3 SYSTEMPATH/CodeIgniter.php(509): CodeIgniter\CodeIgniter->runController()
 4 SYSTEMPATH/CodeIgniter.php(355): CodeIgniter\CodeIgniter->handleRequest()
 5 SYSTEMPATH/Boot.php(312): CodeIgniter\CodeIgniter->run()
 6 SYSTEMPATH/Boot.php(67): CodeIgniter\Boot::runCodeIgniter()
 7 FCPATH/index.php(56): CodeIgniter\Boot::bootWeb()
 8 SYSTEMPATH/Commands/Server/rewrite.php(49): require_once('/home/johan/Documents/Prepas/Interprom-2024/interprom-back/public/index.php')
CRITICAL - 2024-04-11 16:59:14 --> ErrorException: Undefined property: App\Controllers\PouleJController::$db
[Method: GET, Route: api/statistique-par-poule/1]
in APPPATH/Controllers/PouleJController.php on line 76.
 1 APPPATH/Controllers/PouleJController.php(76): CodeIgniter\Debug\Exceptions->errorHandler()
 2 SYSTEMPATH/CodeIgniter.php(933): App\Controllers\PouleJController->get_resultat_poule_choisie()
 3 SYSTEMPATH/CodeIgniter.php(509): CodeIgniter\CodeIgniter->runController()
 4 SYSTEMPATH/CodeIgniter.php(355): CodeIgniter\CodeIgniter->handleRequest()
 5 SYSTEMPATH/Boot.php(312): CodeIgniter\CodeIgniter->run()
 6 SYSTEMPATH/Boot.php(67): CodeIgniter\Boot::runCodeIgniter()
 7 FCPATH/index.php(56): CodeIgniter\Boot::bootWeb()
 8 SYSTEMPATH/Commands/Server/rewrite.php(49): require_once('/home/johan/Documents/Prepas/Interprom-2024/interprom-back/public/index.php')
ERROR - 2024-04-11 19:16:17 --> ErrorException: pg_query(): Query failed: ERROR:  column &quot;date&quot; of relation &quot;match&quot; does not exist
LINE 1: ...h&quot; (&quot;id_equipe_tournoi_1&quot;, &quot;id_equipe_tournoi_2&quot;, &quot;date&quot;, &quot;d...
                                                             ^ in /var/www/html/interprom-back/system/Database/Postgre/Connection.php:192
Stack trace:
#0 [internal function]: CodeIgniter\Debug\Exceptions->errorHandler()
#1 /var/www/html/interprom-back/system/Database/Postgre/Connection.php(192): pg_query()
#2 /var/www/html/interprom-back/system/Database/BaseConnection.php(721): CodeIgniter\Database\Postgre\Connection->execute()
#3 /var/www/html/interprom-back/system/Database/BaseConnection.php(635): CodeIgniter\Database\BaseConnection->simpleQuery()
#4 /var/www/html/interprom-back/system/Database/BaseBuilder.php(2325): CodeIgniter\Database\BaseConnection->query()
#5 /var/www/html/interprom-back/system/Model.php(382): CodeIgniter\Database\BaseBuilder->insert()
#6 /var/www/html/interprom-back/system/BaseModel.php(840): CodeIgniter\Model->doInsert()
#7 /var/www/html/interprom-back/system/Model.php(790): CodeIgniter\BaseModel->insert()
#8 /var/www/html/interprom-back/app/Controllers/MatchController.php(20): CodeIgniter\Model->insert()
#9 /var/www/html/interprom-back/system/CodeIgniter.php(933): App\Controllers\MatchController->create()
#10 /var/www/html/interprom-back/system/CodeIgniter.php(509): CodeIgniter\CodeIgniter->runController()
#11 /var/www/html/interprom-back/system/CodeIgniter.php(355): CodeIgniter\CodeIgniter->handleRequest()
#12 /var/www/html/interprom-back/system/Boot.php(312): CodeIgniter\CodeIgniter->run()
#13 /var/www/html/interprom-back/system/Boot.php(67): CodeIgniter\Boot::runCodeIgniter()
#14 /var/www/html/interprom-back/public/index.php(56): CodeIgniter\Boot::bootWeb()
#15 /var/www/html/interprom-back/system/Commands/Server/rewrite.php(49): require_once('...')
#16 {main}
CRITICAL - 2024-04-11 19:16:17 --> CodeIgniter\Database\Exceptions\DatabaseException: pg_query(): Query failed: ERROR:  column &quot;date&quot; of relation &quot;match&quot; does not exist
LINE 1: ...h&quot; (&quot;id_equipe_tournoi_1&quot;, &quot;id_equipe_tournoi_2&quot;, &quot;date&quot;, &quot;d...
                                                             ^
[Method: POST, Route: api/matchs]
in SYSTEMPATH/Database/BaseConnection.php on line 675.
 1 SYSTEMPATH/Database/BaseBuilder.php(2325): CodeIgniter\Database\BaseConnection->query()
 2 SYSTEMPATH/Model.php(382): CodeIgniter\Database\BaseBuilder->insert()
 3 SYSTEMPATH/BaseModel.php(840): CodeIgniter\Model->doInsert()
 4 SYSTEMPATH/Model.php(790): CodeIgniter\BaseModel->insert()
 5 APPPATH/Controllers/MatchController.php(20): CodeIgniter\Model->insert()
 6 SYSTEMPATH/CodeIgniter.php(933): App\Controllers\MatchController->create()
 7 SYSTEMPATH/CodeIgniter.php(509): CodeIgniter\CodeIgniter->runController()
 8 SYSTEMPATH/CodeIgniter.php(355): CodeIgniter\CodeIgniter->handleRequest()
 9 SYSTEMPATH/Boot.php(312): CodeIgniter\CodeIgniter->run()
10 SYSTEMPATH/Boot.php(67): CodeIgniter\Boot::runCodeIgniter()
11 FCPATH/index.php(56): CodeIgniter\Boot::bootWeb()
12 SYSTEMPATH/Commands/Server/rewrite.php(49): require_once('/var/www/html/interprom-back/public/index.php')
CRITICAL - 2024-04-11 19:16:17 --> [Caused by] CodeIgniter\Database\Exceptions\DatabaseException: pg_query(): Query failed: ERROR:  column &quot;date&quot; of relation &quot;match&quot; does not exist
LINE 1: ...h&quot; (&quot;id_equipe_tournoi_1&quot;, &quot;id_equipe_tournoi_2&quot;, &quot;date&quot;, &quot;d...
                                                             ^
in SYSTEMPATH/Database/Postgre/Connection.php on line 197.
 1 SYSTEMPATH/Database/BaseConnection.php(721): CodeIgniter\Database\Postgre\Connection->execute()
 2 SYSTEMPATH/Database/BaseConnection.php(635): CodeIgniter\Database\BaseConnection->simpleQuery()
 3 SYSTEMPATH/Database/BaseBuilder.php(2325): CodeIgniter\Database\BaseConnection->query()
 4 SYSTEMPATH/Model.php(382): CodeIgniter\Database\BaseBuilder->insert()
 5 SYSTEMPATH/BaseModel.php(840): CodeIgniter\Model->doInsert()
 6 SYSTEMPATH/Model.php(790): CodeIgniter\BaseModel->insert()
 7 APPPATH/Controllers/MatchController.php(20): CodeIgniter\Model->insert()
 8 SYSTEMPATH/CodeIgniter.php(933): App\Controllers\MatchController->create()
 9 SYSTEMPATH/CodeIgniter.php(509): CodeIgniter\CodeIgniter->runController()
10 SYSTEMPATH/CodeIgniter.php(355): CodeIgniter\CodeIgniter->handleRequest()
11 SYSTEMPATH/Boot.php(312): CodeIgniter\CodeIgniter->run()
12 SYSTEMPATH/Boot.php(67): CodeIgniter\Boot::runCodeIgniter()
13 FCPATH/index.php(56): CodeIgniter\Boot::bootWeb()
14 SYSTEMPATH/Commands/Server/rewrite.php(49): require_once('/var/www/html/interprom-back/public/index.php')
CRITICAL - 2024-04-11 19:16:17 --> [Caused by] ErrorException: pg_query(): Query failed: ERROR:  column &quot;date&quot; of relation &quot;match&quot; does not exist
LINE 1: ...h&quot; (&quot;id_equipe_tournoi_1&quot;, &quot;id_equipe_tournoi_2&quot;, &quot;date&quot;, &quot;d...
                                                             ^
in SYSTEMPATH/Database/Postgre/Connection.php on line 192.
 1 [internal function]: CodeIgniter\Debug\Exceptions->errorHandler()
 2 SYSTEMPATH/Database/Postgre/Connection.php(192): pg_query()
 3 SYSTEMPATH/Database/BaseConnection.php(721): CodeIgniter\Database\Postgre\Connection->execute()
 4 SYSTEMPATH/Database/BaseConnection.php(635): CodeIgniter\Database\BaseConnection->simpleQuery()
 5 SYSTEMPATH/Database/BaseBuilder.php(2325): CodeIgniter\Database\BaseConnection->query()
 6 SYSTEMPATH/Model.php(382): CodeIgniter\Database\BaseBuilder->insert()
 7 SYSTEMPATH/BaseModel.php(840): CodeIgniter\Model->doInsert()
 8 SYSTEMPATH/Model.php(790): CodeIgniter\BaseModel->insert()
 9 APPPATH/Controllers/MatchController.php(20): CodeIgniter\Model->insert()
10 SYSTEMPATH/CodeIgniter.php(933): App\Controllers\MatchController->create()
11 SYSTEMPATH/CodeIgniter.php(509): CodeIgniter\CodeIgniter->runController()
12 SYSTEMPATH/CodeIgniter.php(355): CodeIgniter\CodeIgniter->handleRequest()
13 SYSTEMPATH/Boot.php(312): CodeIgniter\CodeIgniter->run()
14 SYSTEMPATH/Boot.php(67): CodeIgniter\Boot::runCodeIgniter()
15 FCPATH/index.php(56): CodeIgniter\Boot::bootWeb()
16 SYSTEMPATH/Commands/Server/rewrite.php(49): require_once('/var/www/html/interprom-back/public/index.php')
ERROR - 2024-04-11 19:16:34 --> ErrorException: pg_query(): Query failed: ERROR:  permission denied for table match in /var/www/html/interprom-back/system/Database/Postgre/Connection.php:192
Stack trace:
#0 [internal function]: CodeIgniter\Debug\Exceptions->errorHandler()
#1 /var/www/html/interprom-back/system/Database/Postgre/Connection.php(192): pg_query()
#2 /var/www/html/interprom-back/system/Database/BaseConnection.php(721): CodeIgniter\Database\Postgre\Connection->execute()
#3 /var/www/html/interprom-back/system/Database/BaseConnection.php(635): CodeIgniter\Database\BaseConnection->simpleQuery()
#4 /var/www/html/interprom-back/system/Database/BaseBuilder.php(2325): CodeIgniter\Database\BaseConnection->query()
#5 /var/www/html/interprom-back/system/Model.php(382): CodeIgniter\Database\BaseBuilder->insert()
#6 /var/www/html/interprom-back/system/BaseModel.php(840): CodeIgniter\Model->doInsert()
#7 /var/www/html/interprom-back/system/Model.php(790): CodeIgniter\BaseModel->insert()
#8 /var/www/html/interprom-back/app/Controllers/MatchController.php(20): CodeIgniter\Model->insert()
#9 /var/www/html/interprom-back/system/CodeIgniter.php(933): App\Controllers\MatchController->create()
#10 /var/www/html/interprom-back/system/CodeIgniter.php(509): CodeIgniter\CodeIgniter->runController()
#11 /var/www/html/interprom-back/system/CodeIgniter.php(355): CodeIgniter\CodeIgniter->handleRequest()
#12 /var/www/html/interprom-back/system/Boot.php(312): CodeIgniter\CodeIgniter->run()
#13 /var/www/html/interprom-back/system/Boot.php(67): CodeIgniter\Boot::runCodeIgniter()
#14 /var/www/html/interprom-back/public/index.php(56): CodeIgniter\Boot::bootWeb()
#15 /var/www/html/interprom-back/system/Commands/Server/rewrite.php(49): require_once('...')
#16 {main}
CRITICAL - 2024-04-11 19:16:34 --> CodeIgniter\Database\Exceptions\DatabaseException: pg_query(): Query failed: ERROR:  permission denied for table match
[Method: POST, Route: api/matchs]
in SYSTEMPATH/Database/BaseConnection.php on line 675.
 1 SYSTEMPATH/Database/BaseBuilder.php(2325): CodeIgniter\Database\BaseConnection->query()
 2 SYSTEMPATH/Model.php(382): CodeIgniter\Database\BaseBuilder->insert()
 3 SYSTEMPATH/BaseModel.php(840): CodeIgniter\Model->doInsert()
 4 SYSTEMPATH/Model.php(790): CodeIgniter\BaseModel->insert()
 5 APPPATH/Controllers/MatchController.php(20): CodeIgniter\Model->insert()
 6 SYSTEMPATH/CodeIgniter.php(933): App\Controllers\MatchController->create()
 7 SYSTEMPATH/CodeIgniter.php(509): CodeIgniter\CodeIgniter->runController()
 8 SYSTEMPATH/CodeIgniter.php(355): CodeIgniter\CodeIgniter->handleRequest()
 9 SYSTEMPATH/Boot.php(312): CodeIgniter\CodeIgniter->run()
10 SYSTEMPATH/Boot.php(67): CodeIgniter\Boot::runCodeIgniter()
11 FCPATH/index.php(56): CodeIgniter\Boot::bootWeb()
12 SYSTEMPATH/Commands/Server/rewrite.php(49): require_once('/var/www/html/interprom-back/public/index.php')
CRITICAL - 2024-04-11 19:16:34 --> [Caused by] CodeIgniter\Database\Exceptions\DatabaseException: pg_query(): Query failed: ERROR:  permission denied for table match
in SYSTEMPATH/Database/Postgre/Connection.php on line 197.
 1 SYSTEMPATH/Database/BaseConnection.php(721): CodeIgniter\Database\Postgre\Connection->execute()
 2 SYSTEMPATH/Database/BaseConnection.php(635): CodeIgniter\Database\BaseConnection->simpleQuery()
 3 SYSTEMPATH/Database/BaseBuilder.php(2325): CodeIgniter\Database\BaseConnection->query()
 4 SYSTEMPATH/Model.php(382): CodeIgniter\Database\BaseBuilder->insert()
 5 SYSTEMPATH/BaseModel.php(840): CodeIgniter\Model->doInsert()
 6 SYSTEMPATH/Model.php(790): CodeIgniter\BaseModel->insert()
 7 APPPATH/Controllers/MatchController.php(20): CodeIgniter\Model->insert()
 8 SYSTEMPATH/CodeIgniter.php(933): App\Controllers\MatchController->create()
 9 SYSTEMPATH/CodeIgniter.php(509): CodeIgniter\CodeIgniter->runController()
10 SYSTEMPATH/CodeIgniter.php(355): CodeIgniter\CodeIgniter->handleRequest()
11 SYSTEMPATH/Boot.php(312): CodeIgniter\CodeIgniter->run()
12 SYSTEMPATH/Boot.php(67): CodeIgniter\Boot::runCodeIgniter()
13 FCPATH/index.php(56): CodeIgniter\Boot::bootWeb()
14 SYSTEMPATH/Commands/Server/rewrite.php(49): require_once('/var/www/html/interprom-back/public/index.php')
CRITICAL - 2024-04-11 19:16:34 --> [Caused by] ErrorException: pg_query(): Query failed: ERROR:  permission denied for table match
in SYSTEMPATH/Database/Postgre/Connection.php on line 192.
 1 [internal function]: CodeIgniter\Debug\Exceptions->errorHandler()
 2 SYSTEMPATH/Database/Postgre/Connection.php(192): pg_query()
 3 SYSTEMPATH/Database/BaseConnection.php(721): CodeIgniter\Database\Postgre\Connection->execute()
 4 SYSTEMPATH/Database/BaseConnection.php(635): CodeIgniter\Database\BaseConnection->simpleQuery()
 5 SYSTEMPATH/Database/BaseBuilder.php(2325): CodeIgniter\Database\BaseConnection->query()
 6 SYSTEMPATH/Model.php(382): CodeIgniter\Database\BaseBuilder->insert()
 7 SYSTEMPATH/BaseModel.php(840): CodeIgniter\Model->doInsert()
 8 SYSTEMPATH/Model.php(790): CodeIgniter\BaseModel->insert()
 9 APPPATH/Controllers/MatchController.php(20): CodeIgniter\Model->insert()
10 SYSTEMPATH/CodeIgniter.php(933): App\Controllers\MatchController->create()
11 SYSTEMPATH/CodeIgniter.php(509): CodeIgniter\CodeIgniter->runController()
12 SYSTEMPATH/CodeIgniter.php(355): CodeIgniter\CodeIgniter->handleRequest()
13 SYSTEMPATH/Boot.php(312): CodeIgniter\CodeIgniter->run()
14 SYSTEMPATH/Boot.php(67): CodeIgniter\Boot::runCodeIgniter()
15 FCPATH/index.php(56): CodeIgniter\Boot::bootWeb()
16 SYSTEMPATH/Commands/Server/rewrite.php(49): require_once('/var/www/html/interprom-back/public/index.php')
ERROR - 2024-04-11 19:19:06 --> ErrorException: pg_query(): Query failed: ERROR:  permission denied for table match in /var/www/html/interprom-back/system/Database/Postgre/Connection.php:192
Stack trace:
#0 [internal function]: CodeIgniter\Debug\Exceptions->errorHandler()
#1 /var/www/html/interprom-back/system/Database/Postgre/Connection.php(192): pg_query()
#2 /var/www/html/interprom-back/system/Database/BaseConnection.php(721): CodeIgniter\Database\Postgre\Connection->execute()
#3 /var/www/html/interprom-back/system/Database/BaseConnection.php(635): CodeIgniter\Database\BaseConnection->simpleQuery()
#4 /var/www/html/interprom-back/system/Database/BaseBuilder.php(2325): CodeIgniter\Database\BaseConnection->query()
#5 /var/www/html/interprom-back/system/Model.php(382): CodeIgniter\Database\BaseBuilder->insert()
#6 /var/www/html/interprom-back/system/BaseModel.php(840): CodeIgniter\Model->doInsert()
#7 /var/www/html/interprom-back/system/Model.php(790): CodeIgniter\BaseModel->insert()
#8 /var/www/html/interprom-back/app/Controllers/MatchController.php(20): CodeIgniter\Model->insert()
#9 /var/www/html/interprom-back/system/CodeIgniter.php(933): App\Controllers\MatchController->create()
#10 /var/www/html/interprom-back/system/CodeIgniter.php(509): CodeIgniter\CodeIgniter->runController()
#11 /var/www/html/interprom-back/system/CodeIgniter.php(355): CodeIgniter\CodeIgniter->handleRequest()
#12 /var/www/html/interprom-back/system/Boot.php(312): CodeIgniter\CodeIgniter->run()
#13 /var/www/html/interprom-back/system/Boot.php(67): CodeIgniter\Boot::runCodeIgniter()
#14 /var/www/html/interprom-back/public/index.php(56): CodeIgniter\Boot::bootWeb()
#15 /var/www/html/interprom-back/system/Commands/Server/rewrite.php(49): require_once('...')
#16 {main}
CRITICAL - 2024-04-11 19:19:06 --> CodeIgniter\Database\Exceptions\DatabaseException: pg_query(): Query failed: ERROR:  permission denied for table match
[Method: POST, Route: api/matchs]
in SYSTEMPATH/Database/BaseConnection.php on line 675.
 1 SYSTEMPATH/Database/BaseBuilder.php(2325): CodeIgniter\Database\BaseConnection->query()
 2 SYSTEMPATH/Model.php(382): CodeIgniter\Database\BaseBuilder->insert()
 3 SYSTEMPATH/BaseModel.php(840): CodeIgniter\Model->doInsert()
 4 SYSTEMPATH/Model.php(790): CodeIgniter\BaseModel->insert()
 5 APPPATH/Controllers/MatchController.php(20): CodeIgniter\Model->insert()
 6 SYSTEMPATH/CodeIgniter.php(933): App\Controllers\MatchController->create()
 7 SYSTEMPATH/CodeIgniter.php(509): CodeIgniter\CodeIgniter->runController()
 8 SYSTEMPATH/CodeIgniter.php(355): CodeIgniter\CodeIgniter->handleRequest()
 9 SYSTEMPATH/Boot.php(312): CodeIgniter\CodeIgniter->run()
10 SYSTEMPATH/Boot.php(67): CodeIgniter\Boot::runCodeIgniter()
11 FCPATH/index.php(56): CodeIgniter\Boot::bootWeb()
12 SYSTEMPATH/Commands/Server/rewrite.php(49): require_once('/var/www/html/interprom-back/public/index.php')
CRITICAL - 2024-04-11 19:19:06 --> [Caused by] CodeIgniter\Database\Exceptions\DatabaseException: pg_query(): Query failed: ERROR:  permission denied for table match
in SYSTEMPATH/Database/Postgre/Connection.php on line 197.
 1 SYSTEMPATH/Database/BaseConnection.php(721): CodeIgniter\Database\Postgre\Connection->execute()
 2 SYSTEMPATH/Database/BaseConnection.php(635): CodeIgniter\Database\BaseConnection->simpleQuery()
 3 SYSTEMPATH/Database/BaseBuilder.php(2325): CodeIgniter\Database\BaseConnection->query()
 4 SYSTEMPATH/Model.php(382): CodeIgniter\Database\BaseBuilder->insert()
 5 SYSTEMPATH/BaseModel.php(840): CodeIgniter\Model->doInsert()
 6 SYSTEMPATH/Model.php(790): CodeIgniter\BaseModel->insert()
 7 APPPATH/Controllers/MatchController.php(20): CodeIgniter\Model->insert()
 8 SYSTEMPATH/CodeIgniter.php(933): App\Controllers\MatchController->create()
 9 SYSTEMPATH/CodeIgniter.php(509): CodeIgniter\CodeIgniter->runController()
10 SYSTEMPATH/CodeIgniter.php(355): CodeIgniter\CodeIgniter->handleRequest()
11 SYSTEMPATH/Boot.php(312): CodeIgniter\CodeIgniter->run()
12 SYSTEMPATH/Boot.php(67): CodeIgniter\Boot::runCodeIgniter()
13 FCPATH/index.php(56): CodeIgniter\Boot::bootWeb()
14 SYSTEMPATH/Commands/Server/rewrite.php(49): require_once('/var/www/html/interprom-back/public/index.php')
CRITICAL - 2024-04-11 19:19:06 --> [Caused by] ErrorException: pg_query(): Query failed: ERROR:  permission denied for table match
in SYSTEMPATH/Database/Postgre/Connection.php on line 192.
 1 [internal function]: CodeIgniter\Debug\Exceptions->errorHandler()
 2 SYSTEMPATH/Database/Postgre/Connection.php(192): pg_query()
 3 SYSTEMPATH/Database/BaseConnection.php(721): CodeIgniter\Database\Postgre\Connection->execute()
 4 SYSTEMPATH/Database/BaseConnection.php(635): CodeIgniter\Database\BaseConnection->simpleQuery()
 5 SYSTEMPATH/Database/BaseBuilder.php(2325): CodeIgniter\Database\BaseConnection->query()
 6 SYSTEMPATH/Model.php(382): CodeIgniter\Database\BaseBuilder->insert()
 7 SYSTEMPATH/BaseModel.php(840): CodeIgniter\Model->doInsert()
 8 SYSTEMPATH/Model.php(790): CodeIgniter\BaseModel->insert()
 9 APPPATH/Controllers/MatchController.php(20): CodeIgniter\Model->insert()
10 SYSTEMPATH/CodeIgniter.php(933): App\Controllers\MatchController->create()
11 SYSTEMPATH/CodeIgniter.php(509): CodeIgniter\CodeIgniter->runController()
12 SYSTEMPATH/CodeIgniter.php(355): CodeIgniter\CodeIgniter->handleRequest()
13 SYSTEMPATH/Boot.php(312): CodeIgniter\CodeIgniter->run()
14 SYSTEMPATH/Boot.php(67): CodeIgniter\Boot::runCodeIgniter()
15 FCPATH/index.php(56): CodeIgniter\Boot::bootWeb()
16 SYSTEMPATH/Commands/Server/rewrite.php(49): require_once('/var/www/html/interprom-back/public/index.php')
CRITICAL - 2024-04-11 17:06:04 --> ErrorException: Undefined property: App\Controllers\PouleJController::$db
[Method: GET, Route: api/statistique-par-poule/1]
in APPPATH/Controllers/PouleJController.php on line 76.
 1 APPPATH/Controllers/PouleJController.php(76): CodeIgniter\Debug\Exceptions->errorHandler()
 2 SYSTEMPATH/CodeIgniter.php(933): App\Controllers\PouleJController->get_resultat_poule_choisie()
 3 SYSTEMPATH/CodeIgniter.php(509): CodeIgniter\CodeIgniter->runController()
 4 SYSTEMPATH/CodeIgniter.php(355): CodeIgniter\CodeIgniter->handleRequest()
 5 SYSTEMPATH/Boot.php(312): CodeIgniter\CodeIgniter->run()
 6 SYSTEMPATH/Boot.php(67): CodeIgniter\Boot::runCodeIgniter()
 7 FCPATH/index.php(56): CodeIgniter\Boot::bootWeb()
 8 SYSTEMPATH/Commands/Server/rewrite.php(49): require_once('/home/johan/Documents/Prepas/Interprom-2024/interprom-back/public/index.php')
CRITICAL - 2024-04-11 17:06:50 --> ErrorException: Undefined property: App\Controllers\PouleJController::$db
[Method: GET, Route: api/statistique-par-poule/1]
in APPPATH/Controllers/PouleJController.php on line 76.
 1 APPPATH/Controllers/PouleJController.php(76): CodeIgniter\Debug\Exceptions->errorHandler()
 2 SYSTEMPATH/CodeIgniter.php(933): App\Controllers\PouleJController->get_resultat_poule_choisie()
 3 SYSTEMPATH/CodeIgniter.php(509): CodeIgniter\CodeIgniter->runController()
 4 SYSTEMPATH/CodeIgniter.php(355): CodeIgniter\CodeIgniter->handleRequest()
 5 SYSTEMPATH/Boot.php(312): CodeIgniter\CodeIgniter->run()
 6 SYSTEMPATH/Boot.php(67): CodeIgniter\Boot::runCodeIgniter()
 7 FCPATH/index.php(56): CodeIgniter\Boot::bootWeb()
 8 SYSTEMPATH/Commands/Server/rewrite.php(49): require_once('/home/johan/Documents/Prepas/Interprom-2024/interprom-back/public/index.php')
CRITICAL - 2024-04-11 17:07:14 --> ErrorException: Undefined property: App\Controllers\PouleJController::$db
[Method: GET, Route: api/statistique-par-poule/1]
in APPPATH/Controllers/PouleJController.php on line 76.
 1 APPPATH/Controllers/PouleJController.php(76): CodeIgniter\Debug\Exceptions->errorHandler()
 2 SYSTEMPATH/CodeIgniter.php(933): App\Controllers\PouleJController->get_resultat_poule_choisie()
 3 SYSTEMPATH/CodeIgniter.php(509): CodeIgniter\CodeIgniter->runController()
 4 SYSTEMPATH/CodeIgniter.php(355): CodeIgniter\CodeIgniter->handleRequest()
 5 SYSTEMPATH/Boot.php(312): CodeIgniter\CodeIgniter->run()
 6 SYSTEMPATH/Boot.php(67): CodeIgniter\Boot::runCodeIgniter()
 7 FCPATH/index.php(56): CodeIgniter\Boot::bootWeb()
 8 SYSTEMPATH/Commands/Server/rewrite.php(49): require_once('/home/johan/Documents/Prepas/Interprom-2024/interprom-back/public/index.php')
CRITICAL - 2024-04-11 17:07:16 --> ErrorException: Undefined property: App\Controllers\PouleJController::$db
[Method: GET, Route: api/statistique-par-poule/1]
in APPPATH/Controllers/PouleJController.php on line 76.
 1 APPPATH/Controllers/PouleJController.php(76): CodeIgniter\Debug\Exceptions->errorHandler()
 2 SYSTEMPATH/CodeIgniter.php(933): App\Controllers\PouleJController->get_resultat_poule_choisie()
 3 SYSTEMPATH/CodeIgniter.php(509): CodeIgniter\CodeIgniter->runController()
 4 SYSTEMPATH/CodeIgniter.php(355): CodeIgniter\CodeIgniter->handleRequest()
 5 SYSTEMPATH/Boot.php(312): CodeIgniter\CodeIgniter->run()
 6 SYSTEMPATH/Boot.php(67): CodeIgniter\Boot::runCodeIgniter()
 7 FCPATH/index.php(56): CodeIgniter\Boot::bootWeb()
 8 SYSTEMPATH/Commands/Server/rewrite.php(49): require_once('/home/johan/Documents/Prepas/Interprom-2024/interprom-back/public/index.php')
CRITICAL - 2024-04-11 17:09:05 --> ErrorException: Undefined property: App\Controllers\PouleJController::$db
[Method: GET, Route: api/statistique-par-poule/1]
in APPPATH/Controllers/PouleJController.php on line 76.
 1 APPPATH/Controllers/PouleJController.php(76): CodeIgniter\Debug\Exceptions->errorHandler()
 2 SYSTEMPATH/CodeIgniter.php(933): App\Controllers\PouleJController->get_resultat_poule_choisie()
 3 SYSTEMPATH/CodeIgniter.php(509): CodeIgniter\CodeIgniter->runController()
 4 SYSTEMPATH/CodeIgniter.php(355): CodeIgniter\CodeIgniter->handleRequest()
 5 SYSTEMPATH/Boot.php(312): CodeIgniter\CodeIgniter->run()
 6 SYSTEMPATH/Boot.php(67): CodeIgniter\Boot::runCodeIgniter()
 7 FCPATH/index.php(56): CodeIgniter\Boot::bootWeb()
 8 SYSTEMPATH/Commands/Server/rewrite.php(49): require_once('/home/johan/Documents/Prepas/Interprom-2024/interprom-back/public/index.php')
CRITICAL - 2024-04-11 17:15:44 --> ErrorException: Undefined property: App\Controllers\PouleJController::$db
[Method: GET, Route: api/statistique-par-poule/1]
in APPPATH/Controllers/PouleJController.php on line 78.
 1 APPPATH/Controllers/PouleJController.php(78): CodeIgniter\Debug\Exceptions->errorHandler()
 2 SYSTEMPATH/CodeIgniter.php(933): App\Controllers\PouleJController->get_resultat_poule_choisie()
 3 SYSTEMPATH/CodeIgniter.php(509): CodeIgniter\CodeIgniter->runController()
 4 SYSTEMPATH/CodeIgniter.php(355): CodeIgniter\CodeIgniter->handleRequest()
 5 SYSTEMPATH/Boot.php(312): CodeIgniter\CodeIgniter->run()
 6 SYSTEMPATH/Boot.php(67): CodeIgniter\Boot::runCodeIgniter()
 7 FCPATH/index.php(56): CodeIgniter\Boot::bootWeb()
 8 SYSTEMPATH/Commands/Server/rewrite.php(49): require_once('/home/johan/Documents/Prepas/Interprom-2024/interprom-back/public/index.php')
CRITICAL - 2024-04-11 17:17:02 --> ErrorException: Undefined property: App\Controllers\PouleJController::$db
[Method: GET, Route: api/statistique-par-poule/1]
in APPPATH/Controllers/PouleJController.php on line 78.
 1 APPPATH/Controllers/PouleJController.php(78): CodeIgniter\Debug\Exceptions->errorHandler()
 2 SYSTEMPATH/CodeIgniter.php(933): App\Controllers\PouleJController->get_resultat_poule_choisie()
 3 SYSTEMPATH/CodeIgniter.php(509): CodeIgniter\CodeIgniter->runController()
 4 SYSTEMPATH/CodeIgniter.php(355): CodeIgniter\CodeIgniter->handleRequest()
 5 SYSTEMPATH/Boot.php(312): CodeIgniter\CodeIgniter->run()
 6 SYSTEMPATH/Boot.php(67): CodeIgniter\Boot::runCodeIgniter()
 7 FCPATH/index.php(56): CodeIgniter\Boot::bootWeb()
 8 SYSTEMPATH/Commands/Server/rewrite.php(49): require_once('/home/johan/Documents/Prepas/Interprom-2024/interprom-back/public/index.php')
CRITICAL - 2024-04-11 17:17:08 --> ErrorException: Undefined property: App\Controllers\PouleJController::$db
[Method: GET, Route: api/statistique-par-poule/1]
in APPPATH/Controllers/PouleJController.php on line 78.
 1 APPPATH/Controllers/PouleJController.php(78): CodeIgniter\Debug\Exceptions->errorHandler()
 2 SYSTEMPATH/CodeIgniter.php(933): App\Controllers\PouleJController->get_resultat_poule_choisie()
 3 SYSTEMPATH/CodeIgniter.php(509): CodeIgniter\CodeIgniter->runController()
 4 SYSTEMPATH/CodeIgniter.php(355): CodeIgniter\CodeIgniter->handleRequest()
 5 SYSTEMPATH/Boot.php(312): CodeIgniter\CodeIgniter->run()
 6 SYSTEMPATH/Boot.php(67): CodeIgniter\Boot::runCodeIgniter()
 7 FCPATH/index.php(56): CodeIgniter\Boot::bootWeb()
 8 SYSTEMPATH/Commands/Server/rewrite.php(49): require_once('/home/johan/Documents/Prepas/Interprom-2024/interprom-back/public/index.php')
CRITICAL - 2024-04-11 17:18:06 --> Error: Call to undefined method CodeIgniter\Database\Postgre\Result::row()
[Method: GET, Route: /]
in APPPATH/Controllers/TestDatabase.php on line 17.
 1 SYSTEMPATH/CodeIgniter.php(933): App\Controllers\TestDatabase->index()
 2 SYSTEMPATH/CodeIgniter.php(509): CodeIgniter\CodeIgniter->runController()
 3 SYSTEMPATH/CodeIgniter.php(355): CodeIgniter\CodeIgniter->handleRequest()
 4 SYSTEMPATH/Boot.php(312): CodeIgniter\CodeIgniter->run()
 5 SYSTEMPATH/Boot.php(67): CodeIgniter\Boot::runCodeIgniter()
 6 FCPATH/index.php(56): CodeIgniter\Boot::bootWeb()
 7 SYSTEMPATH/Commands/Server/rewrite.php(49): require_once('/home/johan/Documents/Prepas/Interprom-2024/interprom-back/public/index.php')
CRITICAL - 2024-04-11 17:18:22 --> ErrorException: Undefined property: App\Controllers\PouleJController::$db
[Method: GET, Route: api/statistique-par-poule/1]
in APPPATH/Controllers/PouleJController.php on line 78.
 1 APPPATH/Controllers/PouleJController.php(78): CodeIgniter\Debug\Exceptions->errorHandler()
 2 SYSTEMPATH/CodeIgniter.php(933): App\Controllers\PouleJController->get_resultat_poule_choisie()
 3 SYSTEMPATH/CodeIgniter.php(509): CodeIgniter\CodeIgniter->runController()
 4 SYSTEMPATH/CodeIgniter.php(355): CodeIgniter\CodeIgniter->handleRequest()
 5 SYSTEMPATH/Boot.php(312): CodeIgniter\CodeIgniter->run()
 6 SYSTEMPATH/Boot.php(67): CodeIgniter\Boot::runCodeIgniter()
 7 FCPATH/index.php(56): CodeIgniter\Boot::bootWeb()
 8 SYSTEMPATH/Commands/Server/rewrite.php(49): require_once('/home/johan/Documents/Prepas/Interprom-2024/interprom-back/public/index.php')
